<?xml version="1.0" encoding="UTF-8"?>
<robot generator="Robot 3.2.2 (Python 3.9.2 on win32)" generated="20210228 13:29:27.368" rpa="false">
<suite id="s1" name="RobotFrameworkProject" source="C:\Users\Preethi\Desktop\workspaces\RobotFrameworkWorkspace\RobotFrameworkProject">
<suite id="s1-s1" name="SampleTest" source="C:\Users\Preethi\Desktop\workspaces\RobotFrameworkWorkspace\RobotFrameworkProject\SampleTest">
<suite id="s1-s1-s1" name="SampleTestSuite" source="C:\Users\Preethi\Desktop\workspaces\RobotFrameworkWorkspace\RobotFrameworkProject\SampleTest\SampleTestSuite.robot">
<test id="s1-s1-s1-t1" name="SampleLoginTest">
<kw name="Open Browser" library="SeleniumLibrary">
<doc>Opens a new browser instance to the optional ``url``.</doc>
<arguments>
<arg>https://opensource-demo.orangehrmlive.com</arg>
<arg>firefox</arg>
</arguments>
<msg timestamp="20210228 13:29:27.771" level="INFO">Opening browser 'firefox' to base url 'https://opensource-demo.orangehrmlive.com'.</msg>
<msg timestamp="20210228 13:29:27.773" level="INFO">Firefox driver log is always forced to to: C:\Users\Preethi\Desktop\workspaces\RobotFrameworkWorkspace\RobotFrameworkProject\geckodriver-18.log</msg>
<status status="PASS" starttime="20210228 13:29:27.771" endtime="20210228 13:29:45.730"></status>
</kw>
<kw name="Set Browser Implicit Wait" library="SeleniumLibrary">
<doc>Sets the implicit wait value used by Selenium.</doc>
<arguments>
<arg>10</arg>
</arguments>
<status status="PASS" starttime="20210228 13:29:45.731" endtime="20210228 13:29:45.737"></status>
</kw>
<kw name="Input Text" library="SeleniumLibrary">
<doc>Types the given ``text`` into the text field identified by ``locator``.</doc>
<arguments>
<arg>id=txtUsername</arg>
<arg>Admin</arg>
</arguments>
<msg timestamp="20210228 13:29:45.739" level="INFO">Typing text 'Admin' into text field 'id=txtUsername'.</msg>
<status status="PASS" starttime="20210228 13:29:45.737" endtime="20210228 13:29:45.799"></status>
</kw>
<kw name="Input Password" library="SeleniumLibrary">
<doc>Types the given password into the text field identified by ``locator``.</doc>
<arguments>
<arg>id=txtPassword</arg>
<arg>admin123</arg>
</arguments>
<msg timestamp="20210228 13:29:45.801" level="INFO">Typing password into text field 'id=txtPassword'.</msg>
<msg timestamp="20210228 13:29:45.816" level="INFO">Temporally setting log level to: NONE</msg>
<msg timestamp="20210228 13:29:45.834" level="INFO">Log level changed from NONE to INFO.</msg>
<status status="PASS" starttime="20210228 13:29:45.800" endtime="20210228 13:29:45.835"></status>
</kw>
<kw name="Click Button" library="SeleniumLibrary">
<doc>Clicks the button identified by ``locator``.</doc>
<arguments>
<arg>id=btnLogin</arg>
</arguments>
<msg timestamp="20210228 13:29:45.837" level="INFO">Clicking button 'id=btnLogin'.</msg>
<status status="PASS" starttime="20210228 13:29:45.836" endtime="20210228 13:29:50.224"></status>
</kw>
<kw name="Click Element" library="SeleniumLibrary">
<doc>Click the element identified by ``locator``.</doc>
<arguments>
<arg>id=welcome</arg>
</arguments>
<msg timestamp="20210228 13:29:50.225" level="INFO">Clicking element 'id=welcome'.</msg>
<status status="PASS" starttime="20210228 13:29:50.225" endtime="20210228 13:29:50.451"></status>
</kw>
<kw name="Click Element" library="SeleniumLibrary">
<doc>Click the element identified by ``locator``.</doc>
<arguments>
<arg>link=Logout</arg>
</arguments>
<msg timestamp="20210228 13:29:50.454" level="INFO">Clicking element 'link=Logout'.</msg>
<status status="PASS" starttime="20210228 13:29:50.452" endtime="20210228 13:29:52.224"></status>
</kw>
<kw name="Sleep" library="BuiltIn">
<doc>Pauses the test executed for the given time.</doc>
<arguments>
<arg>2</arg>
</arguments>
<msg timestamp="20210228 13:29:54.234" level="INFO">Slept 2 seconds</msg>
<status status="PASS" starttime="20210228 13:29:52.224" endtime="20210228 13:29:54.234"></status>
</kw>
<kw name="Close Browser" library="SeleniumLibrary">
<doc>Closes the current browser.</doc>
<status status="PASS" starttime="20210228 13:29:54.235" endtime="20210228 13:29:57.061"></status>
</kw>
<kw name="Log" library="BuiltIn">
<doc>Logs the given message with the given level.</doc>
<arguments>
<arg>test finished</arg>
</arguments>
<msg timestamp="20210228 13:29:57.062" level="INFO">test finished</msg>
<status status="PASS" starttime="20210228 13:29:57.061" endtime="20210228 13:29:57.062"></status>
</kw>
<doc>sample login test</doc>
<status status="PASS" starttime="20210228 13:29:27.769" endtime="20210228 13:29:57.062" critical="yes"></status>
</test>
<status status="PASS" starttime="20210228 13:29:27.467" endtime="20210228 13:29:57.063"></status>
</suite>
<status status="PASS" starttime="20210228 13:29:27.460" endtime="20210228 13:29:57.065"></status>
</suite>
<status status="PASS" starttime="20210228 13:29:27.424" endtime="20210228 13:29:57.068"></status>
</suite>
<statistics>
<total>
<stat pass="1" fail="0">Critical Tests</stat>
<stat pass="1" fail="0">All Tests</stat>
</total>
<tag>
</tag>
<suite>
<stat pass="1" fail="0" id="s1" name="RobotFrameworkProject">RobotFrameworkProject</stat>
<stat pass="1" fail="0" id="s1-s1" name="SampleTest">RobotFrameworkProject.SampleTest</stat>
<stat pass="1" fail="0" id="s1-s1-s1" name="SampleTestSuite">RobotFrameworkProject.SampleTest.SampleTestSuite</stat>
</suite>
</statistics>
<errors>
</errors>
</robot>
