<?xml version="1.0" encoding="UTF-8"?>
<robot generator="Robot 3.2.2 (Python 3.9.2 on win32)" generated="20210301 23:30:16.718" rpa="false">
<suite id="s1" name="RobotFrameworkProject" source="C:\Users\Preethi\git\RobotFramewok\RobotFrameworkProject">
<suite id="s1-s1" name="SampleTest" source="C:\Users\Preethi\git\RobotFramewok\RobotFrameworkProject\SampleTest">
<suite id="s1-s1-s1" name="SampleTestSuite" source="C:\Users\Preethi\git\RobotFramewok\RobotFrameworkProject\SampleTest\SampleTestSuite.robot">
<kw name="Log" library="BuiltIn" type="setup">
<doc>Logs the given message with the given level.</doc>
<arguments>
<arg>test suite setup</arg>
</arguments>
<msg timestamp="20210301 23:30:17.138" level="INFO">test suite setup</msg>
<status status="PASS" starttime="20210301 23:30:17.138" endtime="20210301 23:30:17.139"></status>
</kw>
<test id="s1-s1-s1-t1" name="FirstTestCase">
<kw name="Log" library="BuiltIn" type="setup">
<doc>Logs the given message with the given level.</doc>
<arguments>
<arg>test case setup</arg>
</arguments>
<msg timestamp="20210301 23:30:17.141" level="INFO">test case setup</msg>
<status status="PASS" starttime="20210301 23:30:17.140" endtime="20210301 23:30:17.141"></status>
</kw>
<kw name="Log" library="BuiltIn">
<doc>Logs the given message with the given level.</doc>
<arguments>
<arg>Hello world...</arg>
</arguments>
<msg timestamp="20210301 23:30:17.142" level="INFO">Hello world...</msg>
<status status="PASS" starttime="20210301 23:30:17.142" endtime="20210301 23:30:17.143"></status>
</kw>
<kw name="Log" library="BuiltIn" type="teardown">
<doc>Logs the given message with the given level.</doc>
<arguments>
<arg>test case teardown</arg>
</arguments>
<msg timestamp="20210301 23:30:17.144" level="INFO">test case teardown</msg>
<status status="PASS" starttime="20210301 23:30:17.143" endtime="20210301 23:30:17.144"></status>
</kw>
<status status="PASS" starttime="20210301 23:30:17.139" endtime="20210301 23:30:17.144" critical="yes"></status>
</test>
<test id="s1-s1-s1-t2" name="SeleniumTest">
<kw name="Log" library="BuiltIn" type="setup">
<doc>Logs the given message with the given level.</doc>
<arguments>
<arg>test case setup</arg>
</arguments>
<msg timestamp="20210301 23:30:17.146" level="INFO">test case setup</msg>
<status status="PASS" starttime="20210301 23:30:17.146" endtime="20210301 23:30:17.146"></status>
</kw>
<kw name="Open Browser" library="SeleniumLibrary">
<doc>Opens a new browser instance to the optional ``url``.</doc>
<arguments>
<arg>https://google.com</arg>
<arg>firefox</arg>
</arguments>
<msg timestamp="20210301 23:30:17.147" level="INFO">Opening browser 'firefox' to base url 'https://google.com'.</msg>
<msg timestamp="20210301 23:30:17.149" level="INFO">Firefox driver log is always forced to to: C:\Users\Preethi\git\RobotFramewok\RobotFrameworkProject\geckodriver-23.log</msg>
<status status="PASS" starttime="20210301 23:30:17.147" endtime="20210301 23:30:29.505"></status>
</kw>
<kw name="Set Browser Implicit Wait" library="SeleniumLibrary">
<doc>Sets the implicit wait value used by Selenium.</doc>
<arguments>
<arg>5</arg>
</arguments>
<status status="PASS" starttime="20210301 23:30:29.506" endtime="20210301 23:30:29.515"></status>
</kw>
<kw name="Input Text" library="SeleniumLibrary">
<doc>Types the given ``text`` into the text field identified by ``locator``.</doc>
<arguments>
<arg>name=q</arg>
<arg>robot framework</arg>
</arguments>
<msg timestamp="20210301 23:30:29.516" level="INFO">Typing text 'robot framework' into text field 'name=q'.</msg>
<status status="PASS" starttime="20210301 23:30:29.515" endtime="20210301 23:30:29.727"></status>
</kw>
<kw name="Press Keys" library="SeleniumLibrary">
<doc>Simulates the user pressing key(s) to an element or on the active browser.</doc>
<arguments>
<arg>name=q</arg>
<arg>ENTER</arg>
</arguments>
<msg timestamp="20210301 23:30:29.729" level="INFO">Sending key(s) ('ENTER',) to name=q element.</msg>
<msg timestamp="20210301 23:30:30.350" level="INFO">Pressing special key ENTER to element.</msg>
<msg timestamp="20210301 23:30:30.350" level="INFO">Releasing special key ENTER.</msg>
<status status="PASS" starttime="20210301 23:30:29.728" endtime="20210301 23:30:30.636"></status>
</kw>
<kw name="Sleep" library="BuiltIn">
<doc>Pauses the test executed for the given time.</doc>
<arguments>
<arg>2</arg>
</arguments>
<msg timestamp="20210301 23:30:32.638" level="INFO">Slept 2 seconds</msg>
<status status="PASS" starttime="20210301 23:30:30.637" endtime="20210301 23:30:32.638"></status>
</kw>
<kw name="Close Browser" library="SeleniumLibrary">
<doc>Closes the current browser.</doc>
<status status="PASS" starttime="20210301 23:30:32.639" endtime="20210301 23:30:35.978"></status>
</kw>
<kw name="Log" library="BuiltIn">
<doc>Logs the given message with the given level.</doc>
<arguments>
<arg>test finished</arg>
</arguments>
<msg timestamp="20210301 23:30:35.979" level="INFO">test finished</msg>
<status status="PASS" starttime="20210301 23:30:35.979" endtime="20210301 23:30:35.980"></status>
</kw>
<kw name="Log" library="BuiltIn" type="teardown">
<doc>Logs the given message with the given level.</doc>
<arguments>
<arg>test case teardown</arg>
</arguments>
<msg timestamp="20210301 23:30:35.981" level="INFO">test case teardown</msg>
<status status="PASS" starttime="20210301 23:30:35.980" endtime="20210301 23:30:35.981"></status>
</kw>
<status status="PASS" starttime="20210301 23:30:17.145" endtime="20210301 23:30:35.981" critical="yes"></status>
</test>
<test id="s1-s1-s1-t3" name="SampleLoginTest">
<kw name="Log" library="BuiltIn" type="setup">
<doc>Logs the given message with the given level.</doc>
<arguments>
<arg>test case setup</arg>
</arguments>
<msg timestamp="20210301 23:30:35.983" level="INFO">test case setup</msg>
<status status="PASS" starttime="20210301 23:30:35.983" endtime="20210301 23:30:35.983"></status>
</kw>
<kw name="Open Browser" library="SeleniumLibrary">
<doc>Opens a new browser instance to the optional ``url``.</doc>
<arguments>
<arg>https://opensource-demo.orangehrmlive.com</arg>
<arg>firefox</arg>
</arguments>
<msg timestamp="20210301 23:30:35.984" level="INFO">Opening browser 'firefox' to base url 'https://opensource-demo.orangehrmlive.com'.</msg>
<msg timestamp="20210301 23:30:35.986" level="INFO">Firefox driver log is always forced to to: C:\Users\Preethi\git\RobotFramewok\RobotFrameworkProject\geckodriver-24.log</msg>
<status status="PASS" starttime="20210301 23:30:35.984" endtime="20210301 23:30:54.002"></status>
</kw>
<kw name="Set Browser Implicit Wait" library="SeleniumLibrary">
<doc>Sets the implicit wait value used by Selenium.</doc>
<arguments>
<arg>10</arg>
</arguments>
<status status="PASS" starttime="20210301 23:30:54.003" endtime="20210301 23:30:54.006"></status>
</kw>
<kw name="Input Text" library="SeleniumLibrary">
<doc>Types the given ``text`` into the text field identified by ``locator``.</doc>
<arguments>
<arg>id=txtUsername</arg>
<arg>Admin</arg>
</arguments>
<msg timestamp="20210301 23:30:54.007" level="INFO">Typing text 'Admin' into text field 'id=txtUsername'.</msg>
<status status="PASS" starttime="20210301 23:30:54.007" endtime="20210301 23:30:54.071"></status>
</kw>
<kw name="Input Password" library="SeleniumLibrary">
<doc>Types the given password into the text field identified by ``locator``.</doc>
<arguments>
<arg>id=txtPassword</arg>
<arg>admin123</arg>
</arguments>
<msg timestamp="20210301 23:30:54.073" level="INFO">Typing password into text field 'id=txtPassword'.</msg>
<msg timestamp="20210301 23:30:54.088" level="INFO">Temporally setting log level to: NONE</msg>
<msg timestamp="20210301 23:30:54.110" level="INFO">Log level changed from NONE to INFO.</msg>
<status status="PASS" starttime="20210301 23:30:54.072" endtime="20210301 23:30:54.111"></status>
</kw>
<kw name="Click Button" library="SeleniumLibrary">
<doc>Clicks the button identified by ``locator``.</doc>
<arguments>
<arg>id=btnLogin</arg>
</arguments>
<msg timestamp="20210301 23:30:54.113" level="INFO">Clicking button 'id=btnLogin'.</msg>
<status status="PASS" starttime="20210301 23:30:54.112" endtime="20210301 23:30:58.752"></status>
</kw>
<kw name="Click Element" library="SeleniumLibrary">
<doc>Click the element identified by ``locator``.</doc>
<arguments>
<arg>id=welcome</arg>
</arguments>
<msg timestamp="20210301 23:30:58.753" level="INFO">Clicking element 'id=welcome'.</msg>
<status status="PASS" starttime="20210301 23:30:58.752" endtime="20210301 23:30:59.487"></status>
</kw>
<kw name="Click Element" library="SeleniumLibrary">
<doc>Click the element identified by ``locator``.</doc>
<arguments>
<arg>link=Logout</arg>
</arguments>
<msg timestamp="20210301 23:30:59.488" level="INFO">Clicking element 'link=Logout'.</msg>
<kw name="Capture Page Screenshot" library="SeleniumLibrary">
<doc>Takes a screenshot of the current page and embeds it into a log file.</doc>
<msg timestamp="20210301 23:31:09.633" level="INFO" html="yes">&lt;/td&gt;&lt;/tr&gt;&lt;tr&gt;&lt;td colspan="3"&gt;&lt;a href="selenium-screenshot-16.png"&gt;&lt;img src="selenium-screenshot-16.png" width="800px"&gt;&lt;/a&gt;</msg>
<status status="PASS" starttime="20210301 23:31:09.573" endtime="20210301 23:31:09.633"></status>
</kw>
<msg timestamp="20210301 23:31:09.636" level="FAIL">Element with locator 'link=Logout' not found.</msg>
<status status="FAIL" starttime="20210301 23:30:59.487" endtime="20210301 23:31:09.637"></status>
</kw>
<kw name="Log" library="BuiltIn" type="teardown">
<doc>Logs the given message with the given level.</doc>
<arguments>
<arg>test case teardown</arg>
</arguments>
<msg timestamp="20210301 23:31:09.638" level="INFO">test case teardown</msg>
<status status="PASS" starttime="20210301 23:31:09.637" endtime="20210301 23:31:09.638"></status>
</kw>
<doc>sample login test</doc>
<status status="FAIL" starttime="20210301 23:30:35.982" endtime="20210301 23:31:09.638" critical="yes">Element with locator 'link=Logout' not found.</status>
</test>
<test id="s1-s1-s1-t4" name="SampleLoginTest1">
<kw name="Log" library="BuiltIn" type="setup">
<doc>Logs the given message with the given level.</doc>
<arguments>
<arg>test case setup</arg>
</arguments>
<msg timestamp="20210301 23:31:09.641" level="INFO">test case setup</msg>
<status status="PASS" starttime="20210301 23:31:09.640" endtime="20210301 23:31:09.641"></status>
</kw>
<kw name="Open Browser" library="SeleniumLibrary">
<doc>Opens a new browser instance to the optional ``url``.</doc>
<arguments>
<arg>${URL}</arg>
<arg>firefox</arg>
</arguments>
<msg timestamp="20210301 23:31:09.642" level="INFO">Opening browser 'firefox' to base url 'https://opensource-demo.orangehrmlive.com'.</msg>
<msg timestamp="20210301 23:31:09.645" level="INFO">Firefox driver log is always forced to to: C:\Users\Preethi\git\RobotFramewok\RobotFrameworkProject\geckodriver-25.log</msg>
<status status="PASS" starttime="20210301 23:31:09.642" endtime="20210301 23:31:26.440"></status>
</kw>
<kw name="Set Browser Implicit Wait" library="SeleniumLibrary">
<doc>Sets the implicit wait value used by Selenium.</doc>
<arguments>
<arg>10</arg>
</arguments>
<status status="PASS" starttime="20210301 23:31:26.440" endtime="20210301 23:31:26.444"></status>
</kw>
<kw name="Input Text" library="SeleniumLibrary">
<doc>Types the given ``text`` into the text field identified by ``locator``.</doc>
<arguments>
<arg>id=txtUsername</arg>
<arg>Admin</arg>
</arguments>
<msg timestamp="20210301 23:31:26.445" level="INFO">Typing text 'Admin' into text field 'id=txtUsername'.</msg>
<status status="PASS" starttime="20210301 23:31:26.444" endtime="20210301 23:31:26.500"></status>
</kw>
<kw name="Input Password" library="SeleniumLibrary">
<doc>Types the given password into the text field identified by ``locator``.</doc>
<arguments>
<arg>id=txtPassword</arg>
<arg>&amp;{logindata}[password]</arg>
</arguments>
<msg timestamp="20210301 23:31:26.502" level="WARN">Accessing variable items using '&amp;{logindata}[password]' syntax is deprecated. Use '${logindata}[password]' instead.</msg>
<msg timestamp="20210301 23:31:26.503" level="INFO">Typing password into text field 'id=txtPassword'.</msg>
<msg timestamp="20210301 23:31:26.517" level="INFO">Temporally setting log level to: NONE</msg>
<msg timestamp="20210301 23:31:26.533" level="INFO">Log level changed from NONE to INFO.</msg>
<status status="PASS" starttime="20210301 23:31:26.500" endtime="20210301 23:31:26.534"></status>
</kw>
<kw name="Click Button" library="SeleniumLibrary">
<doc>Clicks the button identified by ``locator``.</doc>
<arguments>
<arg>id=btnLogin</arg>
</arguments>
<msg timestamp="20210301 23:31:26.536" level="INFO">Clicking button 'id=btnLogin'.</msg>
<status status="PASS" starttime="20210301 23:31:26.534" endtime="20210301 23:31:30.261"></status>
</kw>
<kw name="Click Element" library="SeleniumLibrary">
<doc>Click the element identified by ``locator``.</doc>
<arguments>
<arg>id=welcome</arg>
</arguments>
<msg timestamp="20210301 23:31:30.262" level="INFO">Clicking element 'id=welcome'.</msg>
<status status="PASS" starttime="20210301 23:31:30.261" endtime="20210301 23:31:31.025"></status>
</kw>
<kw name="Click Element" library="SeleniumLibrary">
<doc>Click the element identified by ``locator``.</doc>
<arguments>
<arg>link=Logout</arg>
</arguments>
<msg timestamp="20210301 23:31:31.025" level="INFO">Clicking element 'link=Logout'.</msg>
<kw name="Capture Page Screenshot" library="SeleniumLibrary">
<doc>Takes a screenshot of the current page and embeds it into a log file.</doc>
<msg timestamp="20210301 23:31:41.129" level="INFO" html="yes">&lt;/td&gt;&lt;/tr&gt;&lt;tr&gt;&lt;td colspan="3"&gt;&lt;a href="selenium-screenshot-17.png"&gt;&lt;img src="selenium-screenshot-17.png" width="800px"&gt;&lt;/a&gt;</msg>
<status status="PASS" starttime="20210301 23:31:41.066" endtime="20210301 23:31:41.130"></status>
</kw>
<msg timestamp="20210301 23:31:41.131" level="FAIL">Element with locator 'link=Logout' not found.</msg>
<status status="FAIL" starttime="20210301 23:31:31.025" endtime="20210301 23:31:41.132"></status>
</kw>
<kw name="Log" library="BuiltIn" type="teardown">
<doc>Logs the given message with the given level.</doc>
<arguments>
<arg>test case teardown</arg>
</arguments>
<msg timestamp="20210301 23:31:41.133" level="INFO">test case teardown</msg>
<status status="PASS" starttime="20210301 23:31:41.133" endtime="20210301 23:31:41.133"></status>
</kw>
<doc>sample login test</doc>
<status status="FAIL" starttime="20210301 23:31:09.639" endtime="20210301 23:31:41.134" critical="yes">Element with locator 'link=Logout' not found.</status>
</test>
<test id="s1-s1-s1-t5" name="SampleLoginTest2">
<kw name="Log" library="BuiltIn" type="setup">
<doc>Logs the given message with the given level.</doc>
<arguments>
<arg>test case setup</arg>
</arguments>
<msg timestamp="20210301 23:31:41.136" level="INFO">test case setup</msg>
<status status="PASS" starttime="20210301 23:31:41.135" endtime="20210301 23:31:41.136"></status>
</kw>
<kw name="Open Browser" library="SeleniumLibrary">
<doc>Opens a new browser instance to the optional ``url``.</doc>
<arguments>
<arg>https://opensource-demo.orangehrmlive.com</arg>
<arg>firefox</arg>
</arguments>
<msg timestamp="20210301 23:31:41.137" level="INFO">Opening browser 'firefox' to base url 'https://opensource-demo.orangehrmlive.com'.</msg>
<msg timestamp="20210301 23:31:41.139" level="INFO">Firefox driver log is always forced to to: C:\Users\Preethi\git\RobotFramewok\RobotFrameworkProject\geckodriver-26.log</msg>
<status status="PASS" starttime="20210301 23:31:41.136" endtime="20210301 23:32:02.702"></status>
</kw>
<kw name="Set Browser Implicit Wait" library="SeleniumLibrary">
<doc>Sets the implicit wait value used by Selenium.</doc>
<arguments>
<arg>10</arg>
</arguments>
<status status="PASS" starttime="20210301 23:32:02.702" endtime="20210301 23:32:02.714"></status>
</kw>
<kw name="LoginKW">
<kw name="Input Text" library="SeleniumLibrary">
<doc>Types the given ``text`` into the text field identified by ``locator``.</doc>
<arguments>
<arg>id=txtUsername</arg>
<arg>Admin</arg>
</arguments>
<msg timestamp="20210301 23:32:02.716" level="INFO">Typing text 'Admin' into text field 'id=txtUsername'.</msg>
<status status="PASS" starttime="20210301 23:32:02.715" endtime="20210301 23:32:02.784"></status>
</kw>
<kw name="Input Password" library="SeleniumLibrary">
<doc>Types the given password into the text field identified by ``locator``.</doc>
<arguments>
<arg>id=txtPassword</arg>
<arg>admin123</arg>
</arguments>
<msg timestamp="20210301 23:32:02.785" level="INFO">Typing password into text field 'id=txtPassword'.</msg>
<msg timestamp="20210301 23:32:02.803" level="INFO">Temporally setting log level to: NONE</msg>
<msg timestamp="20210301 23:32:02.825" level="INFO">Log level changed from NONE to INFO.</msg>
<status status="PASS" starttime="20210301 23:32:02.784" endtime="20210301 23:32:02.826"></status>
</kw>
<kw name="Click Button" library="SeleniumLibrary">
<doc>Clicks the button identified by ``locator``.</doc>
<arguments>
<arg>id=btnLogin</arg>
</arguments>
<msg timestamp="20210301 23:32:02.828" level="INFO">Clicking button 'id=btnLogin'.</msg>
<status status="PASS" starttime="20210301 23:32:02.827" endtime="20210301 23:32:07.222"></status>
</kw>
<status status="PASS" starttime="20210301 23:32:02.715" endtime="20210301 23:32:07.222"></status>
</kw>
<kw name="Click Element" library="SeleniumLibrary">
<doc>Click the element identified by ``locator``.</doc>
<arguments>
<arg>id=welcome</arg>
</arguments>
<msg timestamp="20210301 23:32:07.224" level="INFO">Clicking element 'id=welcome'.</msg>
<status status="PASS" starttime="20210301 23:32:07.222" endtime="20210301 23:32:07.953"></status>
</kw>
<kw name="Click Element" library="SeleniumLibrary">
<doc>Click the element identified by ``locator``.</doc>
<arguments>
<arg>link=Logout</arg>
</arguments>
<msg timestamp="20210301 23:32:07.954" level="INFO">Clicking element 'link=Logout'.</msg>
<kw name="Capture Page Screenshot" library="SeleniumLibrary">
<doc>Takes a screenshot of the current page and embeds it into a log file.</doc>
<msg timestamp="20210301 23:32:18.144" level="INFO" html="yes">&lt;/td&gt;&lt;/tr&gt;&lt;tr&gt;&lt;td colspan="3"&gt;&lt;a href="selenium-screenshot-18.png"&gt;&lt;img src="selenium-screenshot-18.png" width="800px"&gt;&lt;/a&gt;</msg>
<status status="PASS" starttime="20210301 23:32:18.077" endtime="20210301 23:32:18.144"></status>
</kw>
<msg timestamp="20210301 23:32:18.145" level="FAIL">Element with locator 'link=Logout' not found.</msg>
<status status="FAIL" starttime="20210301 23:32:07.954" endtime="20210301 23:32:18.146"></status>
</kw>
<kw name="Log" library="BuiltIn" type="teardown">
<doc>Logs the given message with the given level.</doc>
<arguments>
<arg>test case teardown</arg>
</arguments>
<msg timestamp="20210301 23:32:18.147" level="INFO">test case teardown</msg>
<status status="PASS" starttime="20210301 23:32:18.146" endtime="20210301 23:32:18.147"></status>
</kw>
<doc>sample login test</doc>
<status status="FAIL" starttime="20210301 23:31:41.135" endtime="20210301 23:32:18.147" critical="yes">Element with locator 'link=Logout' not found.</status>
</test>
<kw name="Log" library="BuiltIn" type="teardown">
<doc>Logs the given message with the given level.</doc>
<arguments>
<arg>test suite teardown</arg>
</arguments>
<msg timestamp="20210301 23:32:18.150" level="INFO">test suite teardown</msg>
<status status="PASS" starttime="20210301 23:32:18.149" endtime="20210301 23:32:18.150"></status>
</kw>
<status status="FAIL" starttime="20210301 23:30:16.802" endtime="20210301 23:32:18.150"></status>
</suite>
<status status="FAIL" starttime="20210301 23:30:16.797" endtime="20210301 23:32:18.158"></status>
</suite>
<status status="FAIL" starttime="20210301 23:30:16.766" endtime="20210301 23:32:18.164"></status>
</suite>
<statistics>
<total>
<stat pass="2" fail="3">Critical Tests</stat>
<stat pass="2" fail="3">All Tests</stat>
</total>
<tag>
</tag>
<suite>
<stat pass="2" fail="3" id="s1" name="RobotFrameworkProject">RobotFrameworkProject</stat>
<stat pass="2" fail="3" id="s1-s1" name="SampleTest">RobotFrameworkProject.SampleTest</stat>
<stat pass="2" fail="3" id="s1-s1-s1" name="SampleTestSuite">RobotFrameworkProject.SampleTest.SampleTestSuite</stat>
</suite>
</statistics>
<errors>
<msg timestamp="20210301 23:31:26.502" level="WARN">Accessing variable items using '&amp;{logindata}[password]' syntax is deprecated. Use '${logindata}[password]' instead.</msg>
</errors>
</robot>
